0 info it worked if it ends with ok
1 verbose cli [ '/usr/local/bin/node',
1 verbose cli   '/usr/local/bin/npm',
1 verbose cli   'install',
1 verbose cli   '-g',
1 verbose cli   'bower' ]
2 info using npm@3.6.0
3 info using node@v5.7.1
4 silly loadCurrentTree Starting
5 silly install loadCurrentTree
6 silly install readGlobalPackageData
7 silly fetchPackageMetaData bower
8 silly fetchNamedPackageData bower
9 silly mapToRegistry name bower
10 silly mapToRegistry using default registry
11 silly mapToRegistry registry https://registry.npmjs.org/
12 silly mapToRegistry uri https://registry.npmjs.org/bower
13 verbose request uri https://registry.npmjs.org/bower
14 verbose request no auth needed
15 info attempt registry request try #1 at 11:03:20 AM
16 verbose request id 01151814897b3c93
17 verbose etag W/"586f63f7-2acc9"
18 verbose lastModified Fri, 06 Jan 2017 09:31:35 GMT
19 http request GET https://registry.npmjs.org/bower
20 http 304 https://registry.npmjs.org/bower
21 verbose headers { date: 'Sat, 07 Jan 2017 05:33:22 GMT',
21 verbose headers   via: '1.1 varnish',
21 verbose headers   'cache-control': 'max-age=300',
21 verbose headers   etag: 'W/"586f63f7-2acc9"',
21 verbose headers   age: '284',
21 verbose headers   connection: 'keep-alive',
21 verbose headers   'x-served-by': 'cache-ams4450-AMS',
21 verbose headers   'x-cache': 'HIT',
21 verbose headers   'x-cache-hits': '1',
21 verbose headers   'x-timer': 'S1483767202.454215,VS0,VE0',
21 verbose headers   vary: 'Accept-Encoding' }
22 silly get cb [ 304,
22 silly get   { date: 'Sat, 07 Jan 2017 05:33:22 GMT',
22 silly get     via: '1.1 varnish',
22 silly get     'cache-control': 'max-age=300',
22 silly get     etag: 'W/"586f63f7-2acc9"',
22 silly get     age: '284',
22 silly get     connection: 'keep-alive',
22 silly get     'x-served-by': 'cache-ams4450-AMS',
22 silly get     'x-cache': 'HIT',
22 silly get     'x-cache-hits': '1',
22 silly get     'x-timer': 'S1483767202.454215,VS0,VE0',
22 silly get     vary: 'Accept-Encoding' } ]
23 verbose etag https://registry.npmjs.org/bower from cache
24 verbose get saving bower to /home/bsuser1/.npm/registry.npmjs.org/bower/.cache.json
25 verbose correctMkdir /home/bsuser1/.npm correctMkdir not in flight; initializing
26 silly install normalizeTree
27 silly loadCurrentTree Finishing
28 silly loadIdealTree Starting
29 silly install loadIdealTree
30 silly cloneCurrentTree Starting
31 silly install cloneCurrentTreeToIdealTree
32 silly cloneCurrentTree Finishing
33 silly loadShrinkwrap Starting
34 silly install loadShrinkwrap
35 silly loadShrinkwrap Finishing
36 silly loadAllDepsIntoIdealTree Starting
37 silly install loadAllDepsIntoIdealTree
38 silly resolveWithNewModule bower@1.8.0 checking installable status
39 silly cache add args [ 'bower', null ]
40 verbose cache add spec bower
41 silly cache add parsed spec Result {
41 silly cache add   raw: 'bower',
41 silly cache add   scope: null,
41 silly cache add   name: 'bower',
41 silly cache add   rawSpec: '',
41 silly cache add   spec: 'latest',
41 silly cache add   type: 'tag' }
42 silly addNamed bower@latest
43 verbose addNamed "latest" is being treated as a dist-tag for bower
44 info addNameTag [ 'bower', 'latest' ]
45 silly mapToRegistry name bower
46 silly mapToRegistry using default registry
47 silly mapToRegistry registry https://registry.npmjs.org/
48 silly mapToRegistry uri https://registry.npmjs.org/bower
49 verbose addNameTag registry:https://registry.npmjs.org/bower not in flight; fetching
50 verbose get https://registry.npmjs.org/bower not expired, no request
51 silly addNameTag next cb for bower with tag latest
52 silly addNamed bower@1.8.0
53 verbose addNamed "1.8.0" is a plain semver version for bower
54 silly cache afterAdd bower@1.8.0
55 verbose afterAdd /home/bsuser1/.npm/bower/1.8.0/package/package.json not in flight; writing
56 verbose correctMkdir /home/bsuser1/.npm correctMkdir not in flight; initializing
57 verbose afterAdd /home/bsuser1/.npm/bower/1.8.0/package/package.json written
58 silly loadAllDepsIntoIdealTree Finishing
59 silly idealTree:prePrune lib
59 silly idealTree:prePrune `-- bower@1.8.0
60 silly loadIdealTree Finishing
61 silly currentTree lib
61 silly currentTree `-- bower@1.8.0
62 silly idealTree lib
62 silly idealTree `-- bower@1.8.0
63 silly generateActionsToTake Starting
64 silly install generateActionsToTake
65 warn checkPermissions Missing write access to /usr/local/lib/node_modules/bower
66 silly rollbackFailedOptional Starting
67 silly rollbackFailedOptional Finishing
68 silly runTopLevelLifecycles Starting
69 silly runTopLevelLifecycles Finishing
70 silly install printInstalled
71 verbose stack Error: EACCES: permission denied, access '/usr/local/lib/node_modules/bower'
71 verbose stack     at Error (native)
72 verbose cwd /home/bsuser1/Desktop/myWorkingDirectory/Training/IonicFramework/instaspacesApp
73 error Linux 3.13.0-63-generic
74 error argv "/usr/local/bin/node" "/usr/local/bin/npm" "install" "-g" "bower"
75 error node v5.7.1
76 error npm  v3.6.0
77 error path /usr/local/lib/node_modules/bower
78 error code EACCES
79 error errno -13
80 error syscall access
81 error Error: EACCES: permission denied, access '/usr/local/lib/node_modules/bower'
81 error     at Error (native)
81 error  { [Error: EACCES: permission denied, access '/usr/local/lib/node_modules/bower']
81 error   errno: -13,
81 error   code: 'EACCES',
81 error   syscall: 'access',
81 error   path: '/usr/local/lib/node_modules/bower' }
82 error Please try running this command again as root/Administrator.
83 verbose exit [ -13, true ]
